<?xml version="1.0" encoding="UTF-8"?>
<!-- Generated by org.testng.reporters.JUnitReportReporter -->
<testsuite skipped="1" hostname="user-PC" name="oops.ExcelMap" tests="1" failures="0" timestamp="04 Apr 2019 12:12:42 GMT" time="0.000" errors="0">
  <testcase name="test" time="0.000" classname="oops.ExcelMap">
    <skipped/>
  </testcase> <!-- test -->
</testsuite> <!-- oops.ExcelMap -->
