<?xml version="1.0" encoding="UTF-8"?>
<!-- Generated by org.testng.reporters.JUnitReportReporter -->
<testsuite skipped="0" hostname="user-PC" name="oops.TestMap" tests="3" failures="0" timestamp="18 May 2019 02:29:23 GMT" time="0.047" errors="0">
  <testcase name="test" time="0.006" classname="oops.TestMap"/>
  <testcase name="test" time="0.036" classname="oops.TestMap"/>
  <testcase name="test" time="0.005" classname="oops.TestMap"/>
</testsuite> <!-- oops.TestMap -->
